# JRE version: Java(TM) SE Runtime Environment (8.0_65-b17) (build 1.8.0_65-b17)
# Java VM: Java HotSpot(TM) Client VM (25.65-b01 mixed mode windows-x86 )
Heap:
 def new generation   total 4992K, used 44K [0x03e00000, 0x04360000, 0x09350000)
  eden space 4480K,   0% used [0x03e00000, 0x03e0b330, 0x04260000)
  from space 512K,   0% used [0x04260000, 0x04260000, 0x042e0000)
  to   space 512K,   0% used [0x042e0000, 0x042e0000, 0x04360000)
 tenured generation   total 10944K, used 985K [0x09350000, 0x09e00000, 0x13e00000)
   the space 10944K,   9% used [0x09350000, 0x094466d0, 0x09446800, 0x09e00000)
 Metaspace       used 5095K, capacity 5282K, committed 5376K, reserved 5504K
GC Heap History (10 events):
Event: 50.209 GC heap after
Heap after GC invocations=8173 (full 8173):
 def new generation   total 4992K, used 0K [0x03e00000, 0x04360000, 0x09350000)
  eden space 4480K,   0% used [0x03e00000, 0x03e00000, 0x04260000)
  from space 512K,   0% used [0x04260000, 0x04260000, 0x042e0000)
  to   space 512K,   0% used [0x042e0000, 0x042e0000, 0x04360000)
 tenured generation   total 10944K, used 985K [0x09350000, 0x09e00000, 0x13e00000)
   the space 10944K,   9% used [0x09350000, 0x094466b8, 0x09446800, 0x09e00000)
 Metaspace       used 5095K, capacity 5282K, committed 5376K, reserved 5504K
}
Event: 50.209 GC heap before
{Heap before GC invocations=8173 (full 8173):
 def new generation   total 4992K, used 44K [0x03e00000, 0x04360000, 0x09350000)
  eden space 4480K,   0% used [0x03e00000, 0x03e0b330, 0x04260000)
  from space 512K,   0% used [0x04260000, 0x04260000, 0x042e0000)
  to   space 512K,   0% used [0x042e0000, 0x042e0000, 0x04360000)
 tenured generation   total 10944K, used 985K [0x09350000, 0x09e00000, 0x13e00000)
   the space 10944K,   9% used [0x09350000, 0x094466b8, 0x09446800, 0x09e00000)
 Metaspace       used 5095K, capacity 5282K, committed 5376K, reserved 5504K
Event: 50.214 GC heap after
Heap after GC invocations=8174 (full 8174):
 def new generation   total 4992K, used 0K [0x03e00000, 0x04360000, 0x09350000)
  eden space 4480K,   0% used [0x03e00000, 0x03e00000, 0x04260000)
  from space 512K,   0% used [0x04260000, 0x04260000, 0x042e0000)
  to   space 512K,   0% used [0x042e0000, 0x042e0000, 0x04360000)
 tenured generation   total 10944K, used 985K [0x09350000, 0x09e00000, 0x13e00000)
   the space 10944K,   9% used [0x09350000, 0x094466d0, 0x09446800, 0x09e00000)
 Metaspace       used 5095K, capacity 5282K, committed 5376K, reserved 5504K
}
Event: 50.214 GC heap before
{Heap before GC invocations=8174 (full 8174):
 def new generation   total 4992K, used 44K [0x03e00000, 0x04360000, 0x09350000)
  eden space 4480K,   0% used [0x03e00000, 0x03e0b330, 0x04260000)
  from space 512K,   0% used [0x04260000, 0x04260000, 0x042e0000)
  to   space 512K,   0% used [0x042e0000, 0x042e0000, 0x04360000)
 tenured generation   total 10944K, used 985K [0x09350000, 0x09e00000, 0x13e00000)
   the space 10944K,   9% used [0x09350000, 0x094466d0, 0x09446800, 0x09e00000)
 Metaspace       used 5095K, capacity 5282K, committed 5376K, reserved 5504K
Event: 50.219 GC heap after
Heap after GC invocations=8175 (full 8175):
 def new generation   total 4992K, used 0K [0x03e00000, 0x04360000, 0x09350000)
  eden space 4480K,   0% used [0x03e00000, 0x03e00000, 0x04260000)
  from space 512K,   0% used [0x04260000, 0x04260000, 0x042e0000)
  to   space 512K,   0% used [0x042e0000, 0x042e0000, 0x04360000)
 tenured generation   total 10944K, used 985K [0x09350000, 0x09e00000, 0x13e00000)
   the space 10944K,   9% used [0x09350000, 0x094466e8, 0x09446800, 0x09e00000)
 Metaspace       used 5095K, capacity 5282K, committed 5376K, reserved 5504K
}
Event: 50.219 GC heap before
{Heap before GC invocations=8175 (full 8175):
 def new generation   total 4992K, used 44K [0x03e00000, 0x04360000, 0x09350000)
  eden space 4480K,   0% used [0x03e00000, 0x03e0b330, 0x04260000)
  from space 512K,   0% used [0x04260000, 0x04260000, 0x042e0000)
  to   space 512K,   0% used [0x042e0000, 0x042e0000, 0x04360000)
 tenured generation   total 10944K, used 985K [0x09350000, 0x09e00000, 0x13e00000)
   the space 10944K,   9% used [0x09350000, 0x094466e8, 0x09446800, 0x09e00000)
 Metaspace       used 5095K, capacity 5282K, committed 5376K, reserved 5504K
Event: 50.224 GC heap after
Heap after GC invocations=8176 (full 8176):
 def new generation   total 4992K, used 0K [0x03e00000, 0x04360000, 0x09350000)
  eden space 4480K,   0% used [0x03e00000, 0x03e00000, 0x04260000)
  from space 512K,   0% used [0x04260000, 0x04260000, 0x042e0000)
  to   space 512K,   0% used [0x042e0000, 0x042e0000, 0x04360000)
 tenured generation   total 10944K, used 985K [0x09350000, 0x09e00000, 0x13e00000)
   the space 10944K,   9% used [0x09350000, 0x094466a0, 0x09446800, 0x09e00000)
 Metaspace       used 5095K, capacity 5282K, committed 5376K, reserved 5504K
}
Event: 50.224 GC heap before
{Heap before GC invocations=8176 (full 8176):
 def new generation   total 4992K, used 44K [0x03e00000, 0x04360000, 0x09350000)
  eden space 4480K,   0% used [0x03e00000, 0x03e0b330, 0x04260000)
  from space 512K,   0% used [0x04260000, 0x04260000, 0x042e0000)
  to   space 512K,   0% used [0x042e0000, 0x042e0000, 0x04360000)
 tenured generation   total 10944K, used 985K [0x09350000, 0x09e00000, 0x13e00000)
   the space 10944K,   9% used [0x09350000, 0x094466a0, 0x09446800, 0x09e00000)
 Metaspace       used 5095K, capacity 5282K, committed 5376K, reserved 5504K
Event: 50.229 GC heap after
Heap after GC invocations=8177 (full 8177):
 def new generation   total 4992K, used 0K [0x03e00000, 0x04360000, 0x09350000)
  eden space 4480K,   0% used [0x03e00000, 0x03e00000, 0x04260000)
  from space 512K,   0% used [0x04260000, 0x04260000, 0x042e0000)
  to   space 512K,   0% used [0x042e0000, 0x042e0000, 0x04360000)
 tenured generation   total 10944K, used 985K [0x09350000, 0x09e00000, 0x13e00000)
   the space 10944K,   9% used [0x09350000, 0x094466b8, 0x09446800, 0x09e00000)
 Metaspace       used 5095K, capacity 5282K, committed 5376K, reserved 5504K
}
Event: 50.229 GC heap before
{Heap before GC invocations=8177 (full 8177):
 def new generation   total 4992K, used 44K [0x03e00000, 0x04360000, 0x09350000)
  eden space 4480K,   0% used [0x03e00000, 0x03e0b330, 0x04260000)
  from space 512K,   0% used [0x04260000, 0x04260000, 0x042e0000)
  to   space 512K,   0% used [0x042e0000, 0x042e0000, 0x04360000)
 tenured generation   total 10944K, used 985K [0x09350000, 0x09e00000, 0x13e00000)
   the space 10944K,   9% used [0x09350000, 0x094466b8, 0x09446800, 0x09e00000)
 Metaspace       used 5095K, capacity 5282K, committed 5376K, reserved 5504K

