# JRE version: Java(TM) SE Runtime Environment (8.0_65-b17) (build 1.8.0_65-b17)
# Java VM: Java HotSpot(TM) Client VM (25.65-b01 mixed mode windows-x86 )
Heap:
 def new generation   total 4992K, used 0K [0x03e00000, 0x04360000, 0x09350000)
  eden space 4480K,   0% used [0x03e00000, 0x03e00000, 0x04260000)
  from space 512K,   0% used [0x04260000, 0x04260000, 0x042e0000)
  to   space 512K,   0% used [0x042e0000, 0x042e0000, 0x04360000)
 tenured generation   total 10944K, used 985K [0x09350000, 0x09e00000, 0x13e00000)
   the space 10944K,   9% used [0x09350000, 0x094464c0, 0x09446600, 0x09e00000)
 Metaspace       used 5095K, capacity 5282K, committed 5376K, reserved 5504K
GC Heap History (10 events):
Event: 21.777 GC heap before
{Heap before GC invocations=3608 (full 3608):
 def new generation   total 4992K, used 44K [0x03e00000, 0x04360000, 0x09350000)
  eden space 4480K,   0% used [0x03e00000, 0x03e0b330, 0x04260000)
  from space 512K,   0% used [0x04260000, 0x04260000, 0x042e0000)
  to   space 512K,   0% used [0x042e0000, 0x042e0000, 0x04360000)
 tenured generation   total 10944K, used 985K [0x09350000, 0x09e00000, 0x13e00000)
   the space 10944K,   9% used [0x09350000, 0x094464a8, 0x09446600, 0x09e00000)
 Metaspace       used 5095K, capacity 5282K, committed 5376K, reserved 5504K
Event: 21.782 GC heap after
Heap after GC invocations=3609 (full 3609):
 def new generation   total 4992K, used 0K [0x03e00000, 0x04360000, 0x09350000)
  eden space 4480K,   0% used [0x03e00000, 0x03e00000, 0x04260000)
  from space 512K,   0% used [0x04260000, 0x04260000, 0x042e0000)
  to   space 512K,   0% used [0x042e0000, 0x042e0000, 0x04360000)
 tenured generation   total 10944K, used 985K [0x09350000, 0x09e00000, 0x13e00000)
   the space 10944K,   9% used [0x09350000, 0x094464c0, 0x09446600, 0x09e00000)
 Metaspace       used 5095K, capacity 5282K, committed 5376K, reserved 5504K
}
Event: 21.782 GC heap before
{Heap before GC invocations=3609 (full 3609):
 def new generation   total 4992K, used 44K [0x03e00000, 0x04360000, 0x09350000)
  eden space 4480K,   0% used [0x03e00000, 0x03e0b330, 0x04260000)
  from space 512K,   0% used [0x04260000, 0x04260000, 0x042e0000)
  to   space 512K,   0% used [0x042e0000, 0x042e0000, 0x04360000)
 tenured generation   total 10944K, used 985K [0x09350000, 0x09e00000, 0x13e00000)
   the space 10944K,   9% used [0x09350000, 0x094464c0, 0x09446600, 0x09e00000)
 Metaspace       used 5095K, capacity 5282K, committed 5376K, reserved 5504K
Event: 21.787 GC heap after
Heap after GC invocations=3610 (full 3610):
 def new generation   total 4992K, used 0K [0x03e00000, 0x04360000, 0x09350000)
  eden space 4480K,   0% used [0x03e00000, 0x03e00000, 0x04260000)
  from space 512K,   0% used [0x04260000, 0x04260000, 0x042e0000)
  to   space 512K,   0% used [0x042e0000, 0x042e0000, 0x04360000)
 tenured generation   total 10944K, used 985K [0x09350000, 0x09e00000, 0x13e00000)
   the space 10944K,   9% used [0x09350000, 0x094464d8, 0x09446600, 0x09e00000)
 Metaspace       used 5095K, capacity 5282K, committed 5376K, reserved 5504K
}
Event: 21.787 GC heap before
{Heap before GC invocations=3610 (full 3610):
 def new generation   total 4992K, used 44K [0x03e00000, 0x04360000, 0x09350000)
  eden space 4480K,   0% used [0x03e00000, 0x03e0b330, 0x04260000)
  from space 512K,   0% used [0x04260000, 0x04260000, 0x042e0000)
  to   space 512K,   0% used [0x042e0000, 0x042e0000, 0x04360000)
 tenured generation   total 10944K, used 985K [0x09350000, 0x09e00000, 0x13e00000)
   the space 10944K,   9% used [0x09350000, 0x094464d8, 0x09446600, 0x09e00000)
 Metaspace       used 5095K, capacity 5282K, committed 5376K, reserved 5504K
Event: 21.792 GC heap after
Heap after GC invocations=3611 (full 3611):
 def new generation   total 4992K, used 0K [0x03e00000, 0x04360000, 0x09350000)
  eden space 4480K,   0% used [0x03e00000, 0x03e00000, 0x04260000)
  from space 512K,   0% used [0x04260000, 0x04260000, 0x042e0000)
  to   space 512K,   0% used [0x042e0000, 0x042e0000, 0x04360000)
 tenured generation   total 10944K, used 985K [0x09350000, 0x09e00000, 0x13e00000)
   the space 10944K,   9% used [0x09350000, 0x094464f0, 0x09446600, 0x09e00000)
 Metaspace       used 5095K, capacity 5282K, committed 5376K, reserved 5504K
}
Event: 21.792 GC heap before
{Heap before GC invocations=3611 (full 3611):
 def new generation   total 4992K, used 44K [0x03e00000, 0x04360000, 0x09350000)
  eden space 4480K,   0% used [0x03e00000, 0x03e0b330, 0x04260000)
  from space 512K,   0% used [0x04260000, 0x04260000, 0x042e0000)
  to   space 512K,   0% used [0x042e0000, 0x042e0000, 0x04360000)
 tenured generation   total 10944K, used 985K [0x09350000, 0x09e00000, 0x13e00000)
   the space 10944K,   9% used [0x09350000, 0x094464f0, 0x09446600, 0x09e00000)
 Metaspace       used 5095K, capacity 5282K, committed 5376K, reserved 5504K
Event: 21.798 GC heap after
Heap after GC invocations=3612 (full 3612):
 def new generation   total 4992K, used 0K [0x03e00000, 0x04360000, 0x09350000)
  eden space 4480K,   0% used [0x03e00000, 0x03e00000, 0x04260000)
  from space 512K,   0% used [0x04260000, 0x04260000, 0x042e0000)
  to   space 512K,   0% used [0x042e0000, 0x042e0000, 0x04360000)
 tenured generation   total 10944K, used 985K [0x09350000, 0x09e00000, 0x13e00000)
   the space 10944K,   9% used [0x09350000, 0x094464a8, 0x09446600, 0x09e00000)
 Metaspace       used 5095K, capacity 5282K, committed 5376K, reserved 5504K
}
Event: 21.798 GC heap before
{Heap before GC invocations=3612 (full 3612):
 def new generation   total 4992K, used 44K [0x03e00000, 0x04360000, 0x09350000)
  eden space 4480K,   0% used [0x03e00000, 0x03e0b330, 0x04260000)
  from space 512K,   0% used [0x04260000, 0x04260000, 0x042e0000)
  to   space 512K,   0% used [0x042e0000, 0x042e0000, 0x04360000)
 tenured generation   total 10944K, used 985K [0x09350000, 0x09e00000, 0x13e00000)
   the space 10944K,   9% used [0x09350000, 0x094464a8, 0x09446600, 0x09e00000)
 Metaspace       used 5095K, capacity 5282K, committed 5376K, reserved 5504K
Event: 21.805 GC heap after
Heap after GC invocations=3613 (full 3613):
 def new generation   total 4992K, used 0K [0x03e00000, 0x04360000, 0x09350000)
  eden space 4480K,   0% used [0x03e00000, 0x03e00000, 0x04260000)
  from space 512K,   0% used [0x04260000, 0x04260000, 0x042e0000)
  to   space 512K,   0% used [0x042e0000, 0x042e0000, 0x04360000)
 tenured generation   total 10944K, used 985K [0x09350000, 0x09e00000, 0x13e00000)
   the space 10944K,   9% used [0x09350000, 0x094464c0, 0x09446600, 0x09e00000)
 Metaspace       used 5095K, capacity 5282K, committed 5376K, reserved 5504K
}

